

Started GET "/lists/1" for ::1 at 2016-10-21 15:34:58 -0500

ActiveRecord::PendingMigrationError (

Migrations are pending. To resolve this issue, run:

	bin/rake db:migrate RAILS_ENV=development

):
  activerecord (4.2.5.1) lib/active_record/migration.rb:392:in `check_pending!'
  activerecord (4.2.5.1) lib/active_record/migration.rb:373:in `call'
  actionpack (4.2.5.1) lib/action_dispatch/middleware/callbacks.rb:29:in `block in call'
  activesupport (4.2.5.1) lib/active_support/callbacks.rb:88:in `__run_callbacks__'
  activesupport (4.2.5.1) lib/active_support/callbacks.rb:778:in `_run_call_callbacks'
  activesupport (4.2.5.1) lib/active_support/callbacks.rb:81:in `run_callbacks'
  actionpack (4.2.5.1) lib/action_dispatch/middleware/callbacks.rb:27:in `call'
  actionpack (4.2.5.1) lib/action_dispatch/middleware/reloader.rb:73:in `call'
  actionpack (4.2.5.1) lib/action_dispatch/middleware/remote_ip.rb:78:in `call'
  actionpack (4.2.5.1) lib/action_dispatch/middleware/debug_exceptions.rb:17:in `call'
  web-console (2.3.0) lib/web_console/middleware.rb:28:in `block in call'
  web-console (2.3.0) lib/web_console/middleware.rb:18:in `catch'
  web-console (2.3.0) lib/web_console/middleware.rb:18:in `call'
  actionpack (4.2.5.1) lib/action_dispatch/middleware/show_exceptions.rb:30:in `call'
  railties (4.2.5.1) lib/rails/rack/logger.rb:38:in `call_app'
  railties (4.2.5.1) lib/rails/rack/logger.rb:20:in `block in call'
  activesupport (4.2.5.1) lib/active_support/tagged_logging.rb:68:in `block in tagged'
  activesupport (4.2.5.1) lib/active_support/tagged_logging.rb:26:in `tagged'
  activesupport (4.2.5.1) lib/active_support/tagged_logging.rb:68:in `tagged'
  railties (4.2.5.1) lib/rails/rack/logger.rb:20:in `call'
  actionpack (4.2.5.1) lib/action_dispatch/middleware/request_id.rb:21:in `call'
  rack (1.6.4) lib/rack/methodoverride.rb:22:in `call'
  rack (1.6.4) lib/rack/runtime.rb:18:in `call'
  activesupport (4.2.5.1) lib/active_support/cache/strategy/local_cache_middleware.rb:28:in `call'
  rack (1.6.4) lib/rack/lock.rb:17:in `call'
  actionpack (4.2.5.1) lib/action_dispatch/middleware/static.rb:116:in `call'
  rack (1.6.4) lib/rack/sendfile.rb:113:in `call'
  railties (4.2.5.1) lib/rails/engine.rb:518:in `call'
  railties (4.2.5.1) lib/rails/application.rb:165:in `call'
  rack (1.6.4) lib/rack/lock.rb:17:in `call'
  rack (1.6.4) lib/rack/content_length.rb:15:in `call'
  rack (1.6.4) lib/rack/handler/webrick.rb:88:in `service'
  /Users/benjaminshapiro/.rvm/rubies/ruby-2.3.1/lib/ruby/2.3.0/webrick/httpserver.rb:140:in `service'
  /Users/benjaminshapiro/.rvm/rubies/ruby-2.3.1/lib/ruby/2.3.0/webrick/httpserver.rb:96:in `run'
  /Users/benjaminshapiro/.rvm/rubies/ruby-2.3.1/lib/ruby/2.3.0/webrick/server.rb:296:in `block in start_thread'


  Rendered /Users/benjaminshapiro/.rvm/gems/ruby-2.3.1/gems/actionpack-4.2.5.1/lib/action_dispatch/middleware/templates/rescues/_source.erb (1.7ms)
  Rendered /Users/benjaminshapiro/.rvm/gems/ruby-2.3.1/gems/actionpack-4.2.5.1/lib/action_dispatch/middleware/templates/rescues/_trace.html.erb (1.2ms)
  Rendered /Users/benjaminshapiro/.rvm/gems/ruby-2.3.1/gems/actionpack-4.2.5.1/lib/action_dispatch/middleware/templates/rescues/_request_and_response.html.erb (0.8ms)
  Rendered /Users/benjaminshapiro/.rvm/gems/ruby-2.3.1/gems/actionpack-4.2.5.1/lib/action_dispatch/middleware/templates/rescues/diagnostics.html.erb within rescues/layout (39.5ms)
  Rendered /Users/benjaminshapiro/.rvm/gems/ruby-2.3.1/gems/web-console-2.3.0/lib/web_console/templates/_markup.html.erb (0.4ms)
  Rendered /Users/benjaminshapiro/.rvm/gems/ruby-2.3.1/gems/web-console-2.3.0/lib/web_console/templates/_inner_console_markup.html.erb within layouts/inlined_string (0.3ms)
  Rendered /Users/benjaminshapiro/.rvm/gems/ruby-2.3.1/gems/web-console-2.3.0/lib/web_console/templates/_prompt_box_markup.html.erb within layouts/inlined_string (0.5ms)
  Rendered /Users/benjaminshapiro/.rvm/gems/ruby-2.3.1/gems/web-console-2.3.0/lib/web_console/templates/style.css.erb within layouts/inlined_string (0.3ms)
  Rendered /Users/benjaminshapiro/.rvm/gems/ruby-2.3.1/gems/web-console-2.3.0/lib/web_console/templates/console.js.erb within layouts/javascript (39.9ms)
  Rendered /Users/benjaminshapiro/.rvm/gems/ruby-2.3.1/gems/web-console-2.3.0/lib/web_console/templates/main.js.erb within layouts/javascript (0.2ms)
  Rendered /Users/benjaminshapiro/.rvm/gems/ruby-2.3.1/gems/web-console-2.3.0/lib/web_console/templates/error_page.js.erb within layouts/javascript (0.5ms)
  Rendered /Users/benjaminshapiro/.rvm/gems/ruby-2.3.1/gems/web-console-2.3.0/lib/web_console/templates/index.html.erb (87.9ms)
  [1m[36m (1.1ms)[0m  [1mCREATE TABLE "schema_migrations" ("version" varchar NOT NULL) [0m
  [1m[35m (0.1ms)[0m  select sqlite_version(*)
  [1m[36m (0.7ms)[0m  [1mCREATE UNIQUE INDEX "unique_schema_migrations" ON "schema_migrations" ("version")[0m
  [1m[35mActiveRecord::SchemaMigration Load (0.1ms)[0m  SELECT "schema_migrations".* FROM "schema_migrations"
Migrating to CreateLists (20160310040747)
  [1m[36m (0.1ms)[0m  [1mbegin transaction[0m
  [1m[35m (0.3ms)[0m  CREATE TABLE "lists" ("id" INTEGER PRIMARY KEY AUTOINCREMENT NOT NULL, "name" varchar, "created_at" datetime NOT NULL, "updated_at" datetime NOT NULL) 
  [1m[36mSQL (0.1ms)[0m  [1mINSERT INTO "schema_migrations" ("version") VALUES (?)[0m  [["version", "20160310040747"]]
  [1m[35m (0.6ms)[0m  commit transaction
Migrating to CreateItems (20160311012237)
  [1m[36m (0.0ms)[0m  [1mbegin transaction[0m
  [1m[35m (0.3ms)[0m  CREATE TABLE "items" ("id" INTEGER PRIMARY KEY AUTOINCREMENT NOT NULL, "description" varchar, "list_id" integer, "created_at" datetime NOT NULL, "updated_at" datetime NOT NULL) 
  [1m[36mSQL (0.1ms)[0m  [1mINSERT INTO "schema_migrations" ("version") VALUES (?)[0m  [["version", "20160311012237"]]
  [1m[35m (0.5ms)[0m  commit transaction
Migrating to AddStatusToItems (20160313004948)
  [1m[36m (0.0ms)[0m  [1mbegin transaction[0m
  [1m[35m (0.2ms)[0m  ALTER TABLE "items" ADD "status" integer DEFAULT 0
  [1m[36mSQL (0.1ms)[0m  [1mINSERT INTO "schema_migrations" ("version") VALUES (?)[0m  [["version", "20160313004948"]]
  [1m[35m (0.5ms)[0m  commit transaction
  [1m[36mActiveRecord::SchemaMigration Load (0.1ms)[0m  [1mSELECT "schema_migrations".* FROM "schema_migrations"[0m
  [1m[36mActiveRecord::SchemaMigration Load (0.1ms)[0m  [1mSELECT "schema_migrations".* FROM "schema_migrations"[0m
  [1m[35mActiveRecord::SchemaMigration Load (0.1ms)[0m  SELECT "schema_migrations".* FROM "schema_migrations"


Started GET "/lists/1" for ::1 at 2016-10-21 15:35:23 -0500
  [1m[36mActiveRecord::SchemaMigration Load (0.1ms)[0m  [1mSELECT "schema_migrations".* FROM "schema_migrations"[0m
Processing by ListsController#show as HTML
  Parameters: {"id"=>"1"}
  [1m[35mList Load (0.2ms)[0m  SELECT  "lists".* FROM "lists" WHERE "lists"."id" = ? LIMIT 1  [["id", 1]]
Completed 404 Not Found in 16ms (ActiveRecord: 0.4ms)

ActiveRecord::RecordNotFound (Couldn't find List with 'id'=1):
  app/controllers/lists_controller.rb:10:in `show'


  Rendered /Users/benjaminshapiro/.rvm/gems/ruby-2.3.1/gems/actionpack-4.2.5.1/lib/action_dispatch/middleware/templates/rescues/_source.erb (2.9ms)
  Rendered /Users/benjaminshapiro/.rvm/gems/ruby-2.3.1/gems/actionpack-4.2.5.1/lib/action_dispatch/middleware/templates/rescues/_trace.html.erb (1.6ms)
  Rendered /Users/benjaminshapiro/.rvm/gems/ruby-2.3.1/gems/actionpack-4.2.5.1/lib/action_dispatch/middleware/templates/rescues/_request_and_response.html.erb (1.4ms)
  Rendered /Users/benjaminshapiro/.rvm/gems/ruby-2.3.1/gems/actionpack-4.2.5.1/lib/action_dispatch/middleware/templates/rescues/diagnostics.html.erb within rescues/layout (42.6ms)
  Rendered /Users/benjaminshapiro/.rvm/gems/ruby-2.3.1/gems/web-console-2.3.0/lib/web_console/templates/_markup.html.erb (0.4ms)
  Rendered /Users/benjaminshapiro/.rvm/gems/ruby-2.3.1/gems/web-console-2.3.0/lib/web_console/templates/_inner_console_markup.html.erb within layouts/inlined_string (0.2ms)
  Rendered /Users/benjaminshapiro/.rvm/gems/ruby-2.3.1/gems/web-console-2.3.0/lib/web_console/templates/_prompt_box_markup.html.erb within layouts/inlined_string (0.3ms)
  Rendered /Users/benjaminshapiro/.rvm/gems/ruby-2.3.1/gems/web-console-2.3.0/lib/web_console/templates/style.css.erb within layouts/inlined_string (0.3ms)
  Rendered /Users/benjaminshapiro/.rvm/gems/ruby-2.3.1/gems/web-console-2.3.0/lib/web_console/templates/console.js.erb within layouts/javascript (36.6ms)
  Rendered /Users/benjaminshapiro/.rvm/gems/ruby-2.3.1/gems/web-console-2.3.0/lib/web_console/templates/main.js.erb within layouts/javascript (0.3ms)
  Rendered /Users/benjaminshapiro/.rvm/gems/ruby-2.3.1/gems/web-console-2.3.0/lib/web_console/templates/error_page.js.erb within layouts/javascript (0.4ms)
  Rendered /Users/benjaminshapiro/.rvm/gems/ruby-2.3.1/gems/web-console-2.3.0/lib/web_console/templates/index.html.erb (79.0ms)


Started GET "/lists" for ::1 at 2016-10-21 15:35:27 -0500
Processing by ListsController#index as HTML
  [1m[36mList Load (0.1ms)[0m  [1mSELECT "lists".* FROM "lists"[0m
  Rendered lists/index.html.erb within layouts/application (8.8ms)
Completed 200 OK in 623ms (Views: 620.3ms | ActiveRecord: 0.1ms)


Started GET "/lists" for ::1 at 2016-10-21 15:35:28 -0500
Processing by ListsController#index as HTML
  [1m[35mList Load (0.2ms)[0m  SELECT "lists".* FROM "lists"
  Rendered lists/index.html.erb within layouts/application (1.5ms)
Completed 200 OK in 21ms (Views: 20.5ms | ActiveRecord: 0.2ms)


Started POST "/lists" for ::1 at 2016-10-21 15:35:33 -0500
Processing by ListsController#create as HTML
  Parameters: {"utf8"=>"✓", "authenticity_token"=>"BfBucnuk9ox5QCDak2a2mZiCVPIjHi1i06iQjToP67ietxaniQcFG2we48X7VszQ+ME/TLerDHKZKj+SiQT7SQ==", "list"=>{"name"=>"Bout"}, "commit"=>"Create List"}
  [1m[36m (0.1ms)[0m  [1mbegin transaction[0m
  [1m[35mSQL (0.3ms)[0m  INSERT INTO "lists" ("name", "created_at", "updated_at") VALUES (?, ?, ?)  [["name", "Bout"], ["created_at", "2016-10-21 20:35:33.690205"], ["updated_at", "2016-10-21 20:35:33.690205"]]
  [1m[36m (2.1ms)[0m  [1mcommit transaction[0m
Redirected to http://localhost:3000/lists/1
Completed 302 Found in 5ms (ActiveRecord: 2.4ms)


Started GET "/lists/1" for ::1 at 2016-10-21 15:35:33 -0500
Processing by ListsController#show as HTML
  Parameters: {"id"=>"1"}
  [1m[35mList Load (0.1ms)[0m  SELECT  "lists".* FROM "lists" WHERE "lists"."id" = ? LIMIT 1  [["id", 1]]
  [1m[36mItem Load (0.1ms)[0m  [1mSELECT "items".* FROM "items" WHERE "items"."list_id" = ?[0m  [["list_id", 1]]
  Rendered lists/show.html.erb within layouts/application (11.7ms)
Completed 200 OK in 28ms (Views: 20.5ms | ActiveRecord: 0.4ms)


Started POST "/lists/1/items" for ::1 at 2016-10-21 15:35:40 -0500
Processing by ItemsController#create as HTML
  Parameters: {"utf8"=>"✓", "authenticity_token"=>"CuY3NA6Zd0Pwu1gHOwoFoTzlcxkO+zIN8DUz+ph1jmGRoU/h/DqE1OXlmxhTOn/oXKYYp5pOEx26t5zlK36ekA==", "item"=>{"description"=>"Nuthin"}, "commit"=>"Create Item", "list_id"=>"1"}
  [1m[35mList Load (0.1ms)[0m  SELECT  "lists".* FROM "lists" WHERE "lists"."id" = ? LIMIT 1  [["id", 1]]
  [1m[36m (0.1ms)[0m  [1mbegin transaction[0m
  [1m[35mSQL (1.3ms)[0m  INSERT INTO "items" ("description", "list_id", "created_at", "updated_at") VALUES (?, ?, ?, ?)  [["description", "Nuthin"], ["list_id", 1], ["created_at", "2016-10-21 20:35:40.565732"], ["updated_at", "2016-10-21 20:35:40.565732"]]
  [1m[36m (2.4ms)[0m  [1mcommit transaction[0m
Redirected to http://localhost:3000/lists/1
Completed 302 Found in 9ms (ActiveRecord: 3.8ms)


Started GET "/lists/1" for ::1 at 2016-10-21 15:35:40 -0500
Processing by ListsController#show as HTML
  Parameters: {"id"=>"1"}
  [1m[35mList Load (0.1ms)[0m  SELECT  "lists".* FROM "lists" WHERE "lists"."id" = ? LIMIT 1  [["id", 1]]
  [1m[36mItem Load (0.1ms)[0m  [1mSELECT "items".* FROM "items" WHERE "items"."list_id" = ?[0m  [["list_id", 1]]
  Rendered lists/show.html.erb within layouts/application (3.4ms)
Completed 200 OK in 16ms (Views: 15.1ms | ActiveRecord: 0.1ms)


Started POST "/lists/1/items" for ::1 at 2016-10-21 15:35:48 -0500
Processing by ItemsController#create as HTML
  Parameters: {"utf8"=>"✓", "authenticity_token"=>"NRP36iI0dNSjAkKbOAAWxFXgqn2vOLg53//WVAOKJxOuVI8/0JeHQ7ZcgYRQMGyNNaPBwzuNmSmVfXlLsIE34g==", "item"=>{"description"=>"Somefin"}, "commit"=>"Create Item", "list_id"=>"1"}
  [1m[35mList Load (0.1ms)[0m  SELECT  "lists".* FROM "lists" WHERE "lists"."id" = ? LIMIT 1  [["id", 1]]
  [1m[36m (0.1ms)[0m  [1mbegin transaction[0m
  [1m[35mSQL (0.2ms)[0m  INSERT INTO "items" ("description", "list_id", "created_at", "updated_at") VALUES (?, ?, ?, ?)  [["description", "Somefin"], ["list_id", 1], ["created_at", "2016-10-21 20:35:48.286272"], ["updated_at", "2016-10-21 20:35:48.286272"]]
  [1m[36m (2.2ms)[0m  [1mcommit transaction[0m
Redirected to http://localhost:3000/lists/1
Completed 302 Found in 6ms (ActiveRecord: 2.5ms)


Started GET "/lists/1" for ::1 at 2016-10-21 15:35:48 -0500
Processing by ListsController#show as HTML
  Parameters: {"id"=>"1"}
  [1m[35mList Load (0.1ms)[0m  SELECT  "lists".* FROM "lists" WHERE "lists"."id" = ? LIMIT 1  [["id", 1]]
  [1m[36mItem Load (0.1ms)[0m  [1mSELECT "items".* FROM "items" WHERE "items"."list_id" = ?[0m  [["list_id", 1]]
  Rendered lists/show.html.erb within layouts/application (1.9ms)
Completed 200 OK in 14ms (Views: 12.8ms | ActiveRecord: 0.2ms)


Started PATCH "/lists/1/items/1" for ::1 at 2016-10-21 15:35:51 -0500
Processing by ItemsController#update as HTML
  Parameters: {"utf8"=>"✓", "authenticity_token"=>"xODPJiOw4QBZC+RY0pKLj62vRqW/i9ihL1T9Yq8BPAxfp7fz0RMSl0xVJ0e6ovHGzewtGys++bFl1lJ9HAos/Q==", "item"=>{"status"=>"1"}, "list_id"=>"1", "id"=>"1"}
  [1m[35mItem Load (0.2ms)[0m  SELECT  "items".* FROM "items" WHERE "items"."id" = ? LIMIT 1  [["id", 1]]
  [1m[36m (0.0ms)[0m  [1mbegin transaction[0m
  [1m[35mSQL (0.2ms)[0m  UPDATE "items" SET "status" = ?, "updated_at" = ? WHERE "items"."id" = ?  [["status", 1], ["updated_at", "2016-10-21 20:35:51.541627"], ["id", 1]]
  [1m[36m (2.1ms)[0m  [1mcommit transaction[0m
  [1m[35mList Load (0.1ms)[0m  SELECT  "lists".* FROM "lists" WHERE "lists"."id" = ? LIMIT 1  [["id", 1]]
Redirected to http://localhost:3000/lists/1
Completed 302 Found in 7ms (ActiveRecord: 2.7ms)


Started GET "/lists/1" for ::1 at 2016-10-21 15:35:51 -0500
Processing by ListsController#show as HTML
  Parameters: {"id"=>"1"}
  [1m[36mList Load (0.1ms)[0m  [1mSELECT  "lists".* FROM "lists" WHERE "lists"."id" = ? LIMIT 1[0m  [["id", 1]]
  [1m[35mItem Load (0.1ms)[0m  SELECT "items".* FROM "items" WHERE "items"."list_id" = ?  [["list_id", 1]]
  Rendered lists/show.html.erb within layouts/application (1.9ms)
Completed 200 OK in 12ms (Views: 11.1ms | ActiveRecord: 0.1ms)


Started PATCH "/lists/1/items/2" for ::1 at 2016-10-21 15:54:16 -0500
Processing by ItemsController#update as HTML
  Parameters: {"utf8"=>"✓", "authenticity_token"=>"qgqsaiuLbhjTiOSFGBJagoOLBVUDnsOGAFIu1hZ3aFsxTdS/2Sidj8bWJ5pwIiDL48hu65cr4pZK0IHJpXx4qg==", "item"=>{"status"=>"1"}, "list_id"=>"1", "id"=>"2"}
  [1m[36mItem Load (0.1ms)[0m  [1mSELECT  "items".* FROM "items" WHERE "items"."id" = ? LIMIT 1[0m  [["id", 2]]
  [1m[35m (0.0ms)[0m  begin transaction
  [1m[36mSQL (0.2ms)[0m  [1mUPDATE "items" SET "status" = ?, "updated_at" = ? WHERE "items"."id" = ?[0m  [["status", 1], ["updated_at", "2016-10-21 20:54:16.286115"], ["id", 2]]
  [1m[35m (2.2ms)[0m  commit transaction
  [1m[36mList Load (0.1ms)[0m  [1mSELECT  "lists".* FROM "lists" WHERE "lists"."id" = ? LIMIT 1[0m  [["id", 1]]
Redirected to http://localhost:3000/lists/1
Completed 302 Found in 5ms (ActiveRecord: 2.5ms)


Started GET "/lists/1" for ::1 at 2016-10-21 15:54:16 -0500
Processing by ListsController#show as HTML
  Parameters: {"id"=>"1"}
  [1m[35mList Load (0.1ms)[0m  SELECT  "lists".* FROM "lists" WHERE "lists"."id" = ? LIMIT 1  [["id", 1]]
  [1m[36mItem Load (0.1ms)[0m  [1mSELECT "items".* FROM "items" WHERE "items"."list_id" = ?[0m  [["list_id", 1]]
  Rendered lists/show.html.erb within layouts/application (1.8ms)
Completed 200 OK in 14ms (Views: 13.4ms | ActiveRecord: 0.1ms)


Started GET "/lists/1" for ::1 at 2016-10-21 16:04:10 -0500
Processing by ListsController#show as HTML
  Parameters: {"id"=>"1"}
  [1m[35mList Load (0.1ms)[0m  SELECT  "lists".* FROM "lists" WHERE "lists"."id" = ? LIMIT 1  [["id", 1]]
  [1m[36mItem Load (0.1ms)[0m  [1mSELECT "items".* FROM "items" WHERE "items"."list_id" = ?[0m  [["list_id", 1]]
  Rendered lists/show.html.erb within layouts/application (4.7ms)
Completed 500 Internal Server Error in 7ms (ActiveRecord: 0.2ms)

ActionView::Template::Error (Missing partial items/_item_li with {:locale=>[:en], :formats=>[:html], :variants=>[], :handlers=>[:erb, :builder, :raw, :ruby, :coffee, :jbuilder]}. Searched in:
  * "/Users/benjaminshapiro/Dev/todo-mvc-lv/app/views"
):
    11:     <label for="toggle-all">Mark all as complete</label>
    12:     <ul class="todo-list">
    13:       <% @list.items.each do |item| %>
    14:         <%= render :partial => "items/item_li" %>
    15:       <% end %>
    16:     </ul>
    17:   </section>
  app/views/lists/show.html.erb:14:in `block in _app_views_lists_show_html_erb__2647069925503636150_70354449319420'
  app/views/lists/show.html.erb:13:in `_app_views_lists_show_html_erb__2647069925503636150_70354449319420'


  Rendered /Users/benjaminshapiro/.rvm/gems/ruby-2.3.1/gems/actionpack-4.2.5.1/lib/action_dispatch/middleware/templates/rescues/_source.erb (6.3ms)
  Rendered /Users/benjaminshapiro/.rvm/gems/ruby-2.3.1/gems/actionpack-4.2.5.1/lib/action_dispatch/middleware/templates/rescues/_trace.html.erb (2.2ms)
  Rendered /Users/benjaminshapiro/.rvm/gems/ruby-2.3.1/gems/actionpack-4.2.5.1/lib/action_dispatch/middleware/templates/rescues/_request_and_response.html.erb (0.8ms)
  Rendered /Users/benjaminshapiro/.rvm/gems/ruby-2.3.1/gems/actionpack-4.2.5.1/lib/action_dispatch/middleware/templates/rescues/template_error.html.erb within rescues/layout (43.6ms)
  Rendered /Users/benjaminshapiro/.rvm/gems/ruby-2.3.1/gems/web-console-2.3.0/lib/web_console/templates/_markup.html.erb (0.3ms)
  Rendered /Users/benjaminshapiro/.rvm/gems/ruby-2.3.1/gems/web-console-2.3.0/lib/web_console/templates/_inner_console_markup.html.erb within layouts/inlined_string (0.3ms)
  Rendered /Users/benjaminshapiro/.rvm/gems/ruby-2.3.1/gems/web-console-2.3.0/lib/web_console/templates/_prompt_box_markup.html.erb within layouts/inlined_string (0.2ms)
  Rendered /Users/benjaminshapiro/.rvm/gems/ruby-2.3.1/gems/web-console-2.3.0/lib/web_console/templates/style.css.erb within layouts/inlined_string (0.3ms)
  Rendered /Users/benjaminshapiro/.rvm/gems/ruby-2.3.1/gems/web-console-2.3.0/lib/web_console/templates/console.js.erb within layouts/javascript (35.1ms)
  Rendered /Users/benjaminshapiro/.rvm/gems/ruby-2.3.1/gems/web-console-2.3.0/lib/web_console/templates/main.js.erb within layouts/javascript (0.4ms)
  Rendered /Users/benjaminshapiro/.rvm/gems/ruby-2.3.1/gems/web-console-2.3.0/lib/web_console/templates/error_page.js.erb within layouts/javascript (0.3ms)
  Rendered /Users/benjaminshapiro/.rvm/gems/ruby-2.3.1/gems/web-console-2.3.0/lib/web_console/templates/index.html.erb (78.1ms)


Started GET "/lists/1" for ::1 at 2016-10-21 16:05:02 -0500
Processing by ListsController#show as HTML
  Parameters: {"id"=>"1"}
  [1m[35mList Load (0.1ms)[0m  SELECT  "lists".* FROM "lists" WHERE "lists"."id" = ? LIMIT 1  [["id", 1]]
  [1m[36mItem Load (0.1ms)[0m  [1mSELECT "items".* FROM "items" WHERE "items"."list_id" = ?[0m  [["list_id", 1]]
  Rendered lists/show.html.erb within layouts/application (4.0ms)
Completed 500 Internal Server Error in 7ms (ActiveRecord: 0.1ms)

ActionView::Template::Error (Missing partial items/_item_li with {:locale=>[:en], :formats=>[:html], :variants=>[], :handlers=>[:erb, :builder, :raw, :ruby, :coffee, :jbuilder]}. Searched in:
  * "/Users/benjaminshapiro/Dev/todo-mvc-lv/app/views"
):
    11:     <label for="toggle-all">Mark all as complete</label>
    12:     <ul class="todo-list">
    13:       <% @list.items.each do |item| %>
    14:         <%= render :partial => "items/item_li" %>
    15:       <% end %>
    16:     </ul>
    17:   </section>
  app/views/lists/show.html.erb:14:in `block in _app_views_lists_show_html_erb__2647069925503636150_70354473991260'
  app/views/lists/show.html.erb:13:in `_app_views_lists_show_html_erb__2647069925503636150_70354473991260'


  Rendered /Users/benjaminshapiro/.rvm/gems/ruby-2.3.1/gems/actionpack-4.2.5.1/lib/action_dispatch/middleware/templates/rescues/_source.erb (4.4ms)
  Rendered /Users/benjaminshapiro/.rvm/gems/ruby-2.3.1/gems/actionpack-4.2.5.1/lib/action_dispatch/middleware/templates/rescues/_trace.html.erb (2.2ms)
  Rendered /Users/benjaminshapiro/.rvm/gems/ruby-2.3.1/gems/actionpack-4.2.5.1/lib/action_dispatch/middleware/templates/rescues/_request_and_response.html.erb (0.7ms)
  Rendered /Users/benjaminshapiro/.rvm/gems/ruby-2.3.1/gems/actionpack-4.2.5.1/lib/action_dispatch/middleware/templates/rescues/template_error.html.erb within rescues/layout (41.9ms)
  Rendered /Users/benjaminshapiro/.rvm/gems/ruby-2.3.1/gems/web-console-2.3.0/lib/web_console/templates/_markup.html.erb (0.3ms)
  Rendered /Users/benjaminshapiro/.rvm/gems/ruby-2.3.1/gems/web-console-2.3.0/lib/web_console/templates/_inner_console_markup.html.erb within layouts/inlined_string (0.3ms)
  Rendered /Users/benjaminshapiro/.rvm/gems/ruby-2.3.1/gems/web-console-2.3.0/lib/web_console/templates/_prompt_box_markup.html.erb within layouts/inlined_string (0.3ms)
  Rendered /Users/benjaminshapiro/.rvm/gems/ruby-2.3.1/gems/web-console-2.3.0/lib/web_console/templates/style.css.erb within layouts/inlined_string (0.7ms)
  Rendered /Users/benjaminshapiro/.rvm/gems/ruby-2.3.1/gems/web-console-2.3.0/lib/web_console/templates/console.js.erb within layouts/javascript (36.8ms)
  Rendered /Users/benjaminshapiro/.rvm/gems/ruby-2.3.1/gems/web-console-2.3.0/lib/web_console/templates/main.js.erb within layouts/javascript (0.2ms)
  Rendered /Users/benjaminshapiro/.rvm/gems/ruby-2.3.1/gems/web-console-2.3.0/lib/web_console/templates/error_page.js.erb within layouts/javascript (0.4ms)
  Rendered /Users/benjaminshapiro/.rvm/gems/ruby-2.3.1/gems/web-console-2.3.0/lib/web_console/templates/index.html.erb (79.7ms)


Started GET "/lists/1" for ::1 at 2016-10-21 16:06:49 -0500
Processing by ListsController#show as HTML
  Parameters: {"id"=>"1"}
  [1m[35mList Load (0.1ms)[0m  SELECT  "lists".* FROM "lists" WHERE "lists"."id" = ? LIMIT 1  [["id", 1]]
  [1m[36mItem Load (0.1ms)[0m  [1mSELECT "items".* FROM "items" WHERE "items"."list_id" = ?[0m  [["list_id", 1]]
  Rendered lists/show.html.erb within layouts/application (4.0ms)
Completed 500 Internal Server Error in 7ms (ActiveRecord: 0.2ms)

ActionView::Template::Error (Missing partial app/views/items/_item_li.erb with {:locale=>[:en], :formats=>[:html], :variants=>[], :handlers=>[:erb, :builder, :raw, :ruby, :coffee, :jbuilder]}. Searched in:
  * "/Users/benjaminshapiro/Dev/todo-mvc-lv/app/views"
):
    11:     <label for="toggle-all">Mark all as complete</label>
    12:     <ul class="todo-list">
    13:       <% @list.items.each do |item| %>
    14:         <%= render :partial => "app/views/items/item_li.erb" %>
    15:       <% end %>
    16:     </ul>
    17:   </section>
  app/views/lists/show.html.erb:14:in `block in _app_views_lists_show_html_erb__2647069925503636150_70354474432340'
  app/views/lists/show.html.erb:13:in `_app_views_lists_show_html_erb__2647069925503636150_70354474432340'


  Rendered /Users/benjaminshapiro/.rvm/gems/ruby-2.3.1/gems/actionpack-4.2.5.1/lib/action_dispatch/middleware/templates/rescues/_source.erb (4.3ms)
  Rendered /Users/benjaminshapiro/.rvm/gems/ruby-2.3.1/gems/actionpack-4.2.5.1/lib/action_dispatch/middleware/templates/rescues/_trace.html.erb (2.4ms)
  Rendered /Users/benjaminshapiro/.rvm/gems/ruby-2.3.1/gems/actionpack-4.2.5.1/lib/action_dispatch/middleware/templates/rescues/_request_and_response.html.erb (0.7ms)
  Rendered /Users/benjaminshapiro/.rvm/gems/ruby-2.3.1/gems/actionpack-4.2.5.1/lib/action_dispatch/middleware/templates/rescues/template_error.html.erb within rescues/layout (41.3ms)
  Rendered /Users/benjaminshapiro/.rvm/gems/ruby-2.3.1/gems/web-console-2.3.0/lib/web_console/templates/_markup.html.erb (0.3ms)
  Rendered /Users/benjaminshapiro/.rvm/gems/ruby-2.3.1/gems/web-console-2.3.0/lib/web_console/templates/_inner_console_markup.html.erb within layouts/inlined_string (0.3ms)
  Rendered /Users/benjaminshapiro/.rvm/gems/ruby-2.3.1/gems/web-console-2.3.0/lib/web_console/templates/_prompt_box_markup.html.erb within layouts/inlined_string (0.3ms)
  Rendered /Users/benjaminshapiro/.rvm/gems/ruby-2.3.1/gems/web-console-2.3.0/lib/web_console/templates/style.css.erb within layouts/inlined_string (0.4ms)
  Rendered /Users/benjaminshapiro/.rvm/gems/ruby-2.3.1/gems/web-console-2.3.0/lib/web_console/templates/console.js.erb within layouts/javascript (35.3ms)
  Rendered /Users/benjaminshapiro/.rvm/gems/ruby-2.3.1/gems/web-console-2.3.0/lib/web_console/templates/main.js.erb within layouts/javascript (0.3ms)
  Rendered /Users/benjaminshapiro/.rvm/gems/ruby-2.3.1/gems/web-console-2.3.0/lib/web_console/templates/error_page.js.erb within layouts/javascript (0.4ms)
  Rendered /Users/benjaminshapiro/.rvm/gems/ruby-2.3.1/gems/web-console-2.3.0/lib/web_console/templates/index.html.erb (78.3ms)


Started GET "/lists/1" for ::1 at 2016-10-21 16:07:05 -0500
Processing by ListsController#show as HTML
  Parameters: {"id"=>"1"}
  [1m[35mList Load (0.1ms)[0m  SELECT  "lists".* FROM "lists" WHERE "lists"."id" = ? LIMIT 1  [["id", 1]]
  [1m[36mItem Load (0.1ms)[0m  [1mSELECT "items".* FROM "items" WHERE "items"."list_id" = ?[0m  [["list_id", 1]]
  Rendered lists/show.html.erb within layouts/application (4.3ms)
Completed 500 Internal Server Error in 7ms (ActiveRecord: 0.2ms)

ActionView::Template::Error (Missing partial items/_item_li.erb with {:locale=>[:en], :formats=>[:html], :variants=>[], :handlers=>[:erb, :builder, :raw, :ruby, :coffee, :jbuilder]}. Searched in:
  * "/Users/benjaminshapiro/Dev/todo-mvc-lv/app/views"
):
    11:     <label for="toggle-all">Mark all as complete</label>
    12:     <ul class="todo-list">
    13:       <% @list.items.each do |item| %>
    14:         <%= render :partial => "items/item_li.erb" %>
    15:       <% end %>
    16:     </ul>
    17:   </section>
  app/views/lists/show.html.erb:14:in `block in _app_views_lists_show_html_erb__2647069925503636150_70354479696600'
  app/views/lists/show.html.erb:13:in `_app_views_lists_show_html_erb__2647069925503636150_70354479696600'


  Rendered /Users/benjaminshapiro/.rvm/gems/ruby-2.3.1/gems/actionpack-4.2.5.1/lib/action_dispatch/middleware/templates/rescues/_source.erb (4.5ms)
  Rendered /Users/benjaminshapiro/.rvm/gems/ruby-2.3.1/gems/actionpack-4.2.5.1/lib/action_dispatch/middleware/templates/rescues/_trace.html.erb (2.1ms)
  Rendered /Users/benjaminshapiro/.rvm/gems/ruby-2.3.1/gems/actionpack-4.2.5.1/lib/action_dispatch/middleware/templates/rescues/_request_and_response.html.erb (0.9ms)
  Rendered /Users/benjaminshapiro/.rvm/gems/ruby-2.3.1/gems/actionpack-4.2.5.1/lib/action_dispatch/middleware/templates/rescues/template_error.html.erb within rescues/layout (42.2ms)
  Rendered /Users/benjaminshapiro/.rvm/gems/ruby-2.3.1/gems/web-console-2.3.0/lib/web_console/templates/_markup.html.erb (0.4ms)
  Rendered /Users/benjaminshapiro/.rvm/gems/ruby-2.3.1/gems/web-console-2.3.0/lib/web_console/templates/_inner_console_markup.html.erb within layouts/inlined_string (0.3ms)
  Rendered /Users/benjaminshapiro/.rvm/gems/ruby-2.3.1/gems/web-console-2.3.0/lib/web_console/templates/_prompt_box_markup.html.erb within layouts/inlined_string (0.3ms)
  Rendered /Users/benjaminshapiro/.rvm/gems/ruby-2.3.1/gems/web-console-2.3.0/lib/web_console/templates/style.css.erb within layouts/inlined_string (0.4ms)
  Rendered /Users/benjaminshapiro/.rvm/gems/ruby-2.3.1/gems/web-console-2.3.0/lib/web_console/templates/console.js.erb within layouts/javascript (35.2ms)
  Rendered /Users/benjaminshapiro/.rvm/gems/ruby-2.3.1/gems/web-console-2.3.0/lib/web_console/templates/main.js.erb within layouts/javascript (0.3ms)
  Rendered /Users/benjaminshapiro/.rvm/gems/ruby-2.3.1/gems/web-console-2.3.0/lib/web_console/templates/error_page.js.erb within layouts/javascript (0.4ms)
  Rendered /Users/benjaminshapiro/.rvm/gems/ruby-2.3.1/gems/web-console-2.3.0/lib/web_console/templates/index.html.erb (77.7ms)


Started GET "/lists/1" for ::1 at 2016-10-21 16:07:06 -0500
Processing by ListsController#show as HTML
  Parameters: {"id"=>"1"}
  [1m[35mList Load (0.1ms)[0m  SELECT  "lists".* FROM "lists" WHERE "lists"."id" = ? LIMIT 1  [["id", 1]]
  [1m[36mItem Load (0.1ms)[0m  [1mSELECT "items".* FROM "items" WHERE "items"."list_id" = ?[0m  [["list_id", 1]]
  Rendered lists/show.html.erb within layouts/application (3.9ms)
Completed 500 Internal Server Error in 7ms (ActiveRecord: 0.2ms)

ActionView::Template::Error (Missing partial items/_item_li.erb with {:locale=>[:en], :formats=>[:html], :variants=>[], :handlers=>[:erb, :builder, :raw, :ruby, :coffee, :jbuilder]}. Searched in:
  * "/Users/benjaminshapiro/Dev/todo-mvc-lv/app/views"
):
    11:     <label for="toggle-all">Mark all as complete</label>
    12:     <ul class="todo-list">
    13:       <% @list.items.each do |item| %>
    14:         <%= render :partial => "items/item_li.erb" %>
    15:       <% end %>
    16:     </ul>
    17:   </section>
  app/views/lists/show.html.erb:14:in `block in _app_views_lists_show_html_erb__2647069925503636150_70354479696600'
  app/views/lists/show.html.erb:13:in `_app_views_lists_show_html_erb__2647069925503636150_70354479696600'


  Rendered /Users/benjaminshapiro/.rvm/gems/ruby-2.3.1/gems/actionpack-4.2.5.1/lib/action_dispatch/middleware/templates/rescues/_source.erb (6.0ms)
  Rendered /Users/benjaminshapiro/.rvm/gems/ruby-2.3.1/gems/actionpack-4.2.5.1/lib/action_dispatch/middleware/templates/rescues/_trace.html.erb (2.3ms)
  Rendered /Users/benjaminshapiro/.rvm/gems/ruby-2.3.1/gems/actionpack-4.2.5.1/lib/action_dispatch/middleware/templates/rescues/_request_and_response.html.erb (0.8ms)
  Rendered /Users/benjaminshapiro/.rvm/gems/ruby-2.3.1/gems/actionpack-4.2.5.1/lib/action_dispatch/middleware/templates/rescues/template_error.html.erb within rescues/layout (46.7ms)
  Rendered /Users/benjaminshapiro/.rvm/gems/ruby-2.3.1/gems/web-console-2.3.0/lib/web_console/templates/_markup.html.erb (0.3ms)
  Rendered /Users/benjaminshapiro/.rvm/gems/ruby-2.3.1/gems/web-console-2.3.0/lib/web_console/templates/_inner_console_markup.html.erb within layouts/inlined_string (0.3ms)
  Rendered /Users/benjaminshapiro/.rvm/gems/ruby-2.3.1/gems/web-console-2.3.0/lib/web_console/templates/_prompt_box_markup.html.erb within layouts/inlined_string (0.5ms)
  Rendered /Users/benjaminshapiro/.rvm/gems/ruby-2.3.1/gems/web-console-2.3.0/lib/web_console/templates/style.css.erb within layouts/inlined_string (0.3ms)
  Rendered /Users/benjaminshapiro/.rvm/gems/ruby-2.3.1/gems/web-console-2.3.0/lib/web_console/templates/console.js.erb within layouts/javascript (35.8ms)
  Rendered /Users/benjaminshapiro/.rvm/gems/ruby-2.3.1/gems/web-console-2.3.0/lib/web_console/templates/main.js.erb within layouts/javascript (0.3ms)
  Rendered /Users/benjaminshapiro/.rvm/gems/ruby-2.3.1/gems/web-console-2.3.0/lib/web_console/templates/error_page.js.erb within layouts/javascript (0.4ms)
  Rendered /Users/benjaminshapiro/.rvm/gems/ruby-2.3.1/gems/web-console-2.3.0/lib/web_console/templates/index.html.erb (79.0ms)


Started GET "/lists/1" for ::1 at 2016-10-21 16:07:15 -0500
Processing by ListsController#show as HTML
  Parameters: {"id"=>"1"}
  [1m[35mList Load (0.1ms)[0m  SELECT  "lists".* FROM "lists" WHERE "lists"."id" = ? LIMIT 1  [["id", 1]]
  [1m[36mItem Load (0.1ms)[0m  [1mSELECT "items".* FROM "items" WHERE "items"."list_id" = ?[0m  [["list_id", 1]]
  Rendered lists/show.html.erb within layouts/application (3.4ms)
Completed 500 Internal Server Error in 6ms (ActiveRecord: 0.1ms)

ActionView::Template::Error (Missing partial items/_item_li.erb with {:locale=>[:en], :formats=>[:html], :variants=>[], :handlers=>[:erb, :builder, :raw, :ruby, :coffee, :jbuilder]}. Searched in:
  * "/Users/benjaminshapiro/Dev/todo-mvc-lv/app/views"
):
    11:     <label for="toggle-all">Mark all as complete</label>
    12:     <ul class="todo-list">
    13:       <% @list.items.each do |item| %>
    14:         <%= render :partial => "items/item_li.erb" %>
    15:       <% end %>
    16:     </ul>
    17:   </section>
  app/views/lists/show.html.erb:14:in `block in _app_views_lists_show_html_erb__2647069925503636150_70354479696600'
  app/views/lists/show.html.erb:13:in `_app_views_lists_show_html_erb__2647069925503636150_70354479696600'


  Rendered /Users/benjaminshapiro/.rvm/gems/ruby-2.3.1/gems/actionpack-4.2.5.1/lib/action_dispatch/middleware/templates/rescues/_source.erb (6.3ms)
  Rendered /Users/benjaminshapiro/.rvm/gems/ruby-2.3.1/gems/actionpack-4.2.5.1/lib/action_dispatch/middleware/templates/rescues/_trace.html.erb (2.8ms)
  Rendered /Users/benjaminshapiro/.rvm/gems/ruby-2.3.1/gems/actionpack-4.2.5.1/lib/action_dispatch/middleware/templates/rescues/_request_and_response.html.erb (1.2ms)
  Rendered /Users/benjaminshapiro/.rvm/gems/ruby-2.3.1/gems/actionpack-4.2.5.1/lib/action_dispatch/middleware/templates/rescues/template_error.html.erb within rescues/layout (48.4ms)
  Rendered /Users/benjaminshapiro/.rvm/gems/ruby-2.3.1/gems/web-console-2.3.0/lib/web_console/templates/_markup.html.erb (0.3ms)
  Rendered /Users/benjaminshapiro/.rvm/gems/ruby-2.3.1/gems/web-console-2.3.0/lib/web_console/templates/_inner_console_markup.html.erb within layouts/inlined_string (0.3ms)
  Rendered /Users/benjaminshapiro/.rvm/gems/ruby-2.3.1/gems/web-console-2.3.0/lib/web_console/templates/_prompt_box_markup.html.erb within layouts/inlined_string (0.2ms)
  Rendered /Users/benjaminshapiro/.rvm/gems/ruby-2.3.1/gems/web-console-2.3.0/lib/web_console/templates/style.css.erb within layouts/inlined_string (0.3ms)
  Rendered /Users/benjaminshapiro/.rvm/gems/ruby-2.3.1/gems/web-console-2.3.0/lib/web_console/templates/console.js.erb within layouts/javascript (35.5ms)
  Rendered /Users/benjaminshapiro/.rvm/gems/ruby-2.3.1/gems/web-console-2.3.0/lib/web_console/templates/main.js.erb within layouts/javascript (0.3ms)
  Rendered /Users/benjaminshapiro/.rvm/gems/ruby-2.3.1/gems/web-console-2.3.0/lib/web_console/templates/error_page.js.erb within layouts/javascript (0.4ms)
  Rendered /Users/benjaminshapiro/.rvm/gems/ruby-2.3.1/gems/web-console-2.3.0/lib/web_console/templates/index.html.erb (78.4ms)


Started GET "/lists/1" for ::1 at 2016-10-21 16:11:21 -0500
Processing by ListsController#show as HTML
  Parameters: {"id"=>"1"}
  [1m[35mList Load (0.1ms)[0m  SELECT  "lists".* FROM "lists" WHERE "lists"."id" = ? LIMIT 1  [["id", 1]]
  [1m[36mItem Load (0.1ms)[0m  [1mSELECT "items".* FROM "items" WHERE "items"."list_id" = ?[0m  [["list_id", 1]]
  Rendered items/_item_li.erb (22.2ms)
  Rendered lists/show.html.erb within layouts/application (25.5ms)
Completed 500 Internal Server Error in 29ms (ActiveRecord: 0.2ms)

ActionView::Template::Error (undefined local variable or method `item' for #<#<Class:0x007ff9570a1448>:0x007ff957a42fb0>
Did you mean?  @item):
    1: <li class="<%= "completed" if item.complete? %>">
    2:   <div class="view">
    3:     <%= form_for([@list, item]) do |f| %>
    4:       <%= f.check_box :status, :class => "toggle", :checked => (true if item.complete?) %>
  app/views/items/_item_li.erb:1:in `_app_views_items__item_li_erb___3857957760329546904_70354443148720'
  app/views/lists/show.html.erb:14:in `block in _app_views_lists_show_html_erb__2647069925503636150_70354446978540'
  app/views/lists/show.html.erb:13:in `_app_views_lists_show_html_erb__2647069925503636150_70354446978540'


  Rendered /Users/benjaminshapiro/.rvm/gems/ruby-2.3.1/gems/actionpack-4.2.5.1/lib/action_dispatch/middleware/templates/rescues/_source.erb (4.7ms)
  Rendered /Users/benjaminshapiro/.rvm/gems/ruby-2.3.1/gems/actionpack-4.2.5.1/lib/action_dispatch/middleware/templates/rescues/_trace.html.erb (2.2ms)
  Rendered /Users/benjaminshapiro/.rvm/gems/ruby-2.3.1/gems/actionpack-4.2.5.1/lib/action_dispatch/middleware/templates/rescues/_request_and_response.html.erb (0.7ms)
  Rendered /Users/benjaminshapiro/.rvm/gems/ruby-2.3.1/gems/actionpack-4.2.5.1/lib/action_dispatch/middleware/templates/rescues/template_error.html.erb within rescues/layout (41.3ms)
  Rendered /Users/benjaminshapiro/.rvm/gems/ruby-2.3.1/gems/web-console-2.3.0/lib/web_console/templates/_markup.html.erb (0.3ms)
  Rendered /Users/benjaminshapiro/.rvm/gems/ruby-2.3.1/gems/web-console-2.3.0/lib/web_console/templates/_inner_console_markup.html.erb within layouts/inlined_string (0.3ms)
  Rendered /Users/benjaminshapiro/.rvm/gems/ruby-2.3.1/gems/web-console-2.3.0/lib/web_console/templates/_prompt_box_markup.html.erb within layouts/inlined_string (0.2ms)
  Rendered /Users/benjaminshapiro/.rvm/gems/ruby-2.3.1/gems/web-console-2.3.0/lib/web_console/templates/style.css.erb within layouts/inlined_string (0.4ms)
  Rendered /Users/benjaminshapiro/.rvm/gems/ruby-2.3.1/gems/web-console-2.3.0/lib/web_console/templates/console.js.erb within layouts/javascript (34.2ms)
  Rendered /Users/benjaminshapiro/.rvm/gems/ruby-2.3.1/gems/web-console-2.3.0/lib/web_console/templates/main.js.erb within layouts/javascript (0.3ms)
  Rendered /Users/benjaminshapiro/.rvm/gems/ruby-2.3.1/gems/web-console-2.3.0/lib/web_console/templates/error_page.js.erb within layouts/javascript (0.4ms)
  Rendered /Users/benjaminshapiro/.rvm/gems/ruby-2.3.1/gems/web-console-2.3.0/lib/web_console/templates/index.html.erb (76.3ms)


Started GET "/lists/1" for ::1 at 2016-10-21 16:13:16 -0500
Processing by ListsController#show as HTML
  Parameters: {"id"=>"1"}
  [1m[35mList Load (0.1ms)[0m  SELECT  "lists".* FROM "lists" WHERE "lists"."id" = ? LIMIT 1  [["id", 1]]
  [1m[36mItem Load (0.1ms)[0m  [1mSELECT "items".* FROM "items" WHERE "items"."list_id" = ?[0m  [["list_id", 1]]
  Rendered items/_item_li.erb (0.8ms)
  Rendered items/_item_li.erb (0.4ms)
  Rendered lists/show.html.erb within layouts/application (4.6ms)
Completed 200 OK in 17ms (Views: 15.7ms | ActiveRecord: 0.1ms)


Started PATCH "/lists/1/items/1" for ::1 at 2016-10-21 16:13:19 -0500
Processing by ItemsController#update as HTML
  Parameters: {"utf8"=>"✓", "authenticity_token"=>"zdA5dMju+WcwOMgPWWQVSiPc8vYJ6+iDSaSlvy8ZUkJWl0GhOk0K8CVmCxAxVG8DQ5+ZSJ1eyZMDJgqgnBJCsw==", "item"=>{"status"=>"0"}, "list_id"=>"1", "id"=>"1"}
  [1m[35mItem Load (0.1ms)[0m  SELECT  "items".* FROM "items" WHERE "items"."id" = ? LIMIT 1  [["id", 1]]
  [1m[36m (0.0ms)[0m  [1mbegin transaction[0m
  [1m[35mSQL (0.2ms)[0m  UPDATE "items" SET "status" = ?, "updated_at" = ? WHERE "items"."id" = ?  [["status", 0], ["updated_at", "2016-10-21 21:13:19.025846"], ["id", 1]]
  [1m[36m (2.2ms)[0m  [1mcommit transaction[0m
  [1m[35mList Load (0.1ms)[0m  SELECT  "lists".* FROM "lists" WHERE "lists"."id" = ? LIMIT 1  [["id", 1]]
Redirected to http://localhost:3000/lists/1
Completed 302 Found in 5ms (ActiveRecord: 2.6ms)


Started GET "/lists/1" for ::1 at 2016-10-21 16:13:19 -0500
Processing by ListsController#show as HTML
  Parameters: {"id"=>"1"}
  [1m[36mList Load (0.1ms)[0m  [1mSELECT  "lists".* FROM "lists" WHERE "lists"."id" = ? LIMIT 1[0m  [["id", 1]]
  [1m[35mItem Load (0.1ms)[0m  SELECT "items".* FROM "items" WHERE "items"."list_id" = ?  [["list_id", 1]]
  Rendered items/_item_li.erb (0.4ms)
  Rendered items/_item_li.erb (0.6ms)
  Rendered lists/show.html.erb within layouts/application (4.3ms)
Completed 200 OK in 14ms (Views: 13.6ms | ActiveRecord: 0.2ms)


Started GET "/lists/1" for ::1 at 2016-10-21 16:17:15 -0500
Processing by ListsController#show as HTML
  Parameters: {"id"=>"1"}
  [1m[36mList Load (0.1ms)[0m  [1mSELECT  "lists".* FROM "lists" WHERE "lists"."id" = ? LIMIT 1[0m  [["id", 1]]
  [1m[35mItem Load (0.1ms)[0m  SELECT "items".* FROM "items" WHERE "items"."list_id" = ?  [["list_id", 1]]
  Rendered items/_item_li.erb (0.7ms)
  Rendered items/_item_li.erb (0.3ms)
  Rendered lists/show.html.erb within layouts/application (6.2ms)
Completed 200 OK in 25ms (Views: 15.6ms | ActiveRecord: 0.8ms)


Started GET "/lists/1" for ::1 at 2016-10-21 16:17:16 -0500
Processing by ListsController#show as HTML
  Parameters: {"id"=>"1"}
  [1m[36mList Load (0.1ms)[0m  [1mSELECT  "lists".* FROM "lists" WHERE "lists"."id" = ? LIMIT 1[0m  [["id", 1]]
  [1m[35mItem Load (0.1ms)[0m  SELECT "items".* FROM "items" WHERE "items"."list_id" = ?  [["list_id", 1]]
  Rendered items/_item_li.erb (0.5ms)
  Rendered items/_item_li.erb (0.3ms)
  Rendered lists/show.html.erb within layouts/application (4.0ms)
Completed 200 OK in 13ms (Views: 12.2ms | ActiveRecord: 0.2ms)


Started PATCH "/lists/1/items/1" for ::1 at 2016-10-21 16:17:20 -0500
Processing by ItemsController#update as HTML
  Parameters: {"utf8"=>"✓", "authenticity_token"=>"irZ0XoGr0Hkgjqz7Sf7yrm4JSy+OjkEZxi2uWDE+DXIR8QyLcwgj7jXQb+QhzojnDkogkRo7YAmMrwFHgjUdgw==", "item"=>{"status"=>"1"}, "list_id"=>"1", "id"=>"1"}
  [1m[36mItem Load (0.1ms)[0m  [1mSELECT  "items".* FROM "items" WHERE "items"."id" = ? LIMIT 1[0m  [["id", 1]]
  [1m[35m (0.0ms)[0m  begin transaction
  [1m[36mSQL (0.4ms)[0m  [1mUPDATE "items" SET "status" = ?, "updated_at" = ? WHERE "items"."id" = ?[0m  [["status", 1], ["updated_at", "2016-10-21 21:17:20.988473"], ["id", 1]]
  [1m[35m (2.2ms)[0m  commit transaction
  [1m[36mList Load (0.1ms)[0m  [1mSELECT  "lists".* FROM "lists" WHERE "lists"."id" = ? LIMIT 1[0m  [["id", 1]]
Redirected to http://localhost:3000/lists/1
Completed 302 Found in 6ms (ActiveRecord: 2.8ms)


Started GET "/lists/1" for ::1 at 2016-10-21 16:17:20 -0500
Processing by ListsController#show as HTML
  Parameters: {"id"=>"1"}
  [1m[35mList Load (0.1ms)[0m  SELECT  "lists".* FROM "lists" WHERE "lists"."id" = ? LIMIT 1  [["id", 1]]
  [1m[36mItem Load (0.1ms)[0m  [1mSELECT "items".* FROM "items" WHERE "items"."list_id" = ?[0m  [["list_id", 1]]
  Rendered items/_item_li.erb (0.4ms)
  Rendered items/_item_li.erb (0.3ms)
  Rendered lists/show.html.erb within layouts/application (3.9ms)
Completed 200 OK in 14ms (Views: 13.1ms | ActiveRecord: 0.1ms)


Started PATCH "/lists/1/items/1" for ::1 at 2016-10-21 16:17:24 -0500
Processing by ItemsController#update as HTML
  Parameters: {"utf8"=>"✓", "authenticity_token"=>"LdKYJBbJErcsHPpu+w0/7scppde5krNN3ryLXct7wVy2leDx5GrhIDlCOXGTPUWnp2rOaS0nkl2UPiRCeHDRrQ==", "item"=>{"status"=>"0"}, "list_id"=>"1", "id"=>"1"}
  [1m[35mItem Load (0.1ms)[0m  SELECT  "items".* FROM "items" WHERE "items"."id" = ? LIMIT 1  [["id", 1]]
  [1m[36m (0.0ms)[0m  [1mbegin transaction[0m
  [1m[35mSQL (0.2ms)[0m  UPDATE "items" SET "status" = ?, "updated_at" = ? WHERE "items"."id" = ?  [["status", 0], ["updated_at", "2016-10-21 21:17:24.625499"], ["id", 1]]
  [1m[36m (2.1ms)[0m  [1mcommit transaction[0m
  [1m[35mList Load (0.1ms)[0m  SELECT  "lists".* FROM "lists" WHERE "lists"."id" = ? LIMIT 1  [["id", 1]]
Redirected to http://localhost:3000/lists/1
Completed 302 Found in 5ms (ActiveRecord: 2.5ms)


Started GET "/lists/1" for ::1 at 2016-10-21 16:17:24 -0500
Processing by ListsController#show as HTML
  Parameters: {"id"=>"1"}
  [1m[36mList Load (0.1ms)[0m  [1mSELECT  "lists".* FROM "lists" WHERE "lists"."id" = ? LIMIT 1[0m  [["id", 1]]
  [1m[35mItem Load (0.1ms)[0m  SELECT "items".* FROM "items" WHERE "items"."list_id" = ?  [["list_id", 1]]
  Rendered items/_item_li.erb (0.5ms)
  Rendered items/_item_li.erb (0.3ms)
  Rendered lists/show.html.erb within layouts/application (3.7ms)
Completed 200 OK in 13ms (Views: 12.5ms | ActiveRecord: 0.1ms)


Started GET "/lists/1" for ::1 at 2016-10-21 16:18:10 -0500
Processing by ListsController#show as HTML
  Parameters: {"id"=>"1"}
  [1m[36mList Load (0.1ms)[0m  [1mSELECT  "lists".* FROM "lists" WHERE "lists"."id" = ? LIMIT 1[0m  [["id", 1]]
  [1m[35mItem Load (0.1ms)[0m  SELECT "items".* FROM "items" WHERE "items"."list_id" = ?  [["list_id", 1]]
  Rendered items/_item_li.erb (0.7ms)
  Rendered items/_item_li.erb (0.4ms)
  Rendered lists/show.html.erb within layouts/application (4.0ms)
Completed 200 OK in 15ms (Views: 13.8ms | ActiveRecord: 0.1ms)


Started GET "/" for ::1 at 2016-10-23 18:32:40 -0500
  [1m[36mActiveRecord::SchemaMigration Load (0.4ms)[0m  [1mSELECT "schema_migrations".* FROM "schema_migrations"[0m
Processing by ListsController#index as HTML
  [1m[35mList Load (0.3ms)[0m  SELECT "lists".* FROM "lists"
  Rendered lists/index.html.erb within layouts/application (14.4ms)
Completed 200 OK in 204ms (Views: 189.8ms | ActiveRecord: 0.5ms)


Started GET "/lists/1" for ::1 at 2016-10-23 18:32:44 -0500
Processing by ListsController#show as HTML
  Parameters: {"id"=>"1"}
  [1m[36mList Load (0.1ms)[0m  [1mSELECT  "lists".* FROM "lists" WHERE "lists"."id" = ? LIMIT 1[0m  [["id", 1]]
  [1m[35mItem Load (0.5ms)[0m  SELECT "items".* FROM "items" WHERE "items"."list_id" = ?  [["list_id", 1]]
  Rendered items/_item_li.erb (2.9ms)
  Rendered items/_item_li.erb (0.5ms)
  Rendered lists/show.html.erb within layouts/application (26.0ms)
Completed 200 OK in 56ms (Views: 39.3ms | ActiveRecord: 0.8ms)


Started POST "/lists/1/items" for ::1 at 2016-10-23 18:32:47 -0500
Processing by ItemsController#create as HTML
  Parameters: {"utf8"=>"✓", "authenticity_token"=>"FWy/nFmpwyl/f1gvGJnlfTpKcxJVGv8rIQFnV53c79CWLw9MlW6qNgf88PL0/FG8m+YVYzsc50Im9dHYe2xsNw==", "item"=>{"description"=>"Hel"}, "commit"=>"Create Item", "list_id"=>"1"}
  [1m[36mList Load (0.1ms)[0m  [1mSELECT  "lists".* FROM "lists" WHERE "lists"."id" = ? LIMIT 1[0m  [["id", 1]]
  [1m[35m (0.1ms)[0m  begin transaction
  [1m[36mSQL (0.5ms)[0m  [1mINSERT INTO "items" ("description", "list_id", "created_at", "updated_at") VALUES (?, ?, ?, ?)[0m  [["description", "Hel"], ["list_id", 1], ["created_at", "2016-10-23 23:32:47.026010"], ["updated_at", "2016-10-23 23:32:47.026010"]]
  [1m[35m (0.4ms)[0m  commit transaction
Redirected to http://localhost:3000/lists/1
Completed 302 Found in 5ms (ActiveRecord: 1.1ms)


Started GET "/lists/1" for ::1 at 2016-10-23 18:32:47 -0500
Processing by ListsController#show as HTML
  Parameters: {"id"=>"1"}
  [1m[36mList Load (0.1ms)[0m  [1mSELECT  "lists".* FROM "lists" WHERE "lists"."id" = ? LIMIT 1[0m  [["id", 1]]
  [1m[35mItem Load (0.1ms)[0m  SELECT "items".* FROM "items" WHERE "items"."list_id" = ?  [["list_id", 1]]
  Rendered items/_item_li.erb (0.6ms)
  Rendered items/_item_li.erb (0.5ms)
  Rendered items/_item_li.erb (0.7ms)
  Rendered lists/show.html.erb within layouts/application (7.1ms)
Completed 200 OK in 24ms (Views: 23.5ms | ActiveRecord: 0.2ms)


Started PATCH "/lists/1/items/3" for ::1 at 2016-10-23 18:32:50 -0500
Processing by ItemsController#update as HTML
  Parameters: {"utf8"=>"✓", "authenticity_token"=>"Fdy2LNh5WadOiqD47HNotqzGpaxofSQH26NBNzJGhfOWnwb8FL4wuDYJCCUAFtx3DWrD3QZ7PG7cV/e41PYGFA==", "item"=>{"status"=>"1"}, "list_id"=>"1", "id"=>"3"}
  [1m[36mItem Load (0.1ms)[0m  [1mSELECT  "items".* FROM "items" WHERE "items"."id" = ? LIMIT 1[0m  [["id", 3]]
  [1m[35m (0.0ms)[0m  begin transaction
  [1m[36mSQL (0.4ms)[0m  [1mUPDATE "items" SET "status" = ?, "updated_at" = ? WHERE "items"."id" = ?[0m  [["status", 1], ["updated_at", "2016-10-23 23:32:50.278749"], ["id", 3]]
  [1m[35m (2.2ms)[0m  commit transaction
  [1m[36mList Load (0.1ms)[0m  [1mSELECT  "lists".* FROM "lists" WHERE "lists"."id" = ? LIMIT 1[0m  [["id", 1]]
Redirected to http://localhost:3000/lists/1
Completed 302 Found in 8ms (ActiveRecord: 2.9ms)


Started GET "/lists/1" for ::1 at 2016-10-23 18:32:50 -0500
Processing by ListsController#show as HTML
  Parameters: {"id"=>"1"}
  [1m[35mList Load (0.5ms)[0m  SELECT  "lists".* FROM "lists" WHERE "lists"."id" = ? LIMIT 1  [["id", 1]]
  [1m[36mItem Load (0.1ms)[0m  [1mSELECT "items".* FROM "items" WHERE "items"."list_id" = ?[0m  [["list_id", 1]]
  Rendered items/_item_li.erb (1.1ms)
  Rendered items/_item_li.erb (1.5ms)
  Rendered items/_item_li.erb (1.0ms)
  Rendered lists/show.html.erb within layouts/application (9.5ms)
Completed 200 OK in 29ms (Views: 27.3ms | ActiveRecord: 0.6ms)


Started GET "/lists/1" for ::1 at 2016-10-23 18:38:54 -0500
Processing by ListsController#show as HTML
  Parameters: {"id"=>"1"}
  [1m[35mList Load (0.1ms)[0m  SELECT  "lists".* FROM "lists" WHERE "lists"."id" = ? LIMIT 1  [["id", 1]]
  [1m[36mItem Load (0.1ms)[0m  [1mSELECT "items".* FROM "items" WHERE "items"."list_id" = ?[0m  [["list_id", 1]]
  Rendered items/_item_li.erb (3.0ms)
  Rendered lists/show.html.erb within layouts/application (7.2ms)
Completed 200 OK in 18ms (Views: 17.0ms | ActiveRecord: 0.2ms)


Started PATCH "/lists/1/items/1" for ::1 at 2016-10-23 18:38:56 -0500
Processing by ItemsController#update as HTML
  Parameters: {"utf8"=>"✓", "authenticity_token"=>"83MexmmYj2Ru434KhHz3pjZCep9994k4KJg5RyICrPJwMK4WpV/mexZg1tdoGUNnl+4c7hPxkVEvbI/IxLIvFQ==", "item"=>{"status"=>"1"}, "list_id"=>"1", "id"=>"1"}
  [1m[35mItem Load (0.1ms)[0m  SELECT  "items".* FROM "items" WHERE "items"."id" = ? LIMIT 1  [["id", 1]]
  [1m[36m (0.1ms)[0m  [1mbegin transaction[0m
  [1m[35mSQL (0.3ms)[0m  UPDATE "items" SET "status" = ?, "updated_at" = ? WHERE "items"."id" = ?  [["status", 1], ["updated_at", "2016-10-23 23:38:56.697692"], ["id", 1]]
  [1m[36m (2.4ms)[0m  [1mcommit transaction[0m
  [1m[35mList Load (0.1ms)[0m  SELECT  "lists".* FROM "lists" WHERE "lists"."id" = ? LIMIT 1  [["id", 1]]
Redirected to http://localhost:3000/lists/1
Completed 302 Found in 6ms (ActiveRecord: 3.1ms)


Started GET "/lists/1" for ::1 at 2016-10-23 18:38:56 -0500
Processing by ListsController#show as HTML
  Parameters: {"id"=>"1"}
  [1m[36mList Load (0.1ms)[0m  [1mSELECT  "lists".* FROM "lists" WHERE "lists"."id" = ? LIMIT 1[0m  [["id", 1]]
  [1m[35mItem Load (0.1ms)[0m  SELECT "items".* FROM "items" WHERE "items"."list_id" = ?  [["list_id", 1]]
  Rendered items/_item_li.erb (1.6ms)
  Rendered lists/show.html.erb within layouts/application (3.8ms)
Completed 200 OK in 17ms (Views: 15.6ms | ActiveRecord: 0.1ms)


Started PATCH "/lists/1/items/1" for ::1 at 2016-10-23 18:38:57 -0500
Processing by ItemsController#update as HTML
  Parameters: {"utf8"=>"✓", "authenticity_token"=>"B5xmLOstfl9vc7uJgXWnnnff+6ClqBZnNGqkEcQp2gGE39b8J+oXQBfwE1RtEBNf1nOd0cuuDg4znhKeIplZ5g==", "item"=>{"status"=>"0"}, "list_id"=>"1", "id"=>"1"}
  [1m[36mItem Load (0.1ms)[0m  [1mSELECT  "items".* FROM "items" WHERE "items"."id" = ? LIMIT 1[0m  [["id", 1]]
  [1m[35m (0.1ms)[0m  begin transaction
  [1m[36mSQL (0.2ms)[0m  [1mUPDATE "items" SET "status" = ?, "updated_at" = ? WHERE "items"."id" = ?[0m  [["status", 0], ["updated_at", "2016-10-23 23:38:57.301430"], ["id", 1]]
  [1m[35m (2.2ms)[0m  commit transaction
  [1m[36mList Load (0.1ms)[0m  [1mSELECT  "lists".* FROM "lists" WHERE "lists"."id" = ? LIMIT 1[0m  [["id", 1]]
Redirected to http://localhost:3000/lists/1
Completed 302 Found in 5ms (ActiveRecord: 2.5ms)


Started GET "/lists/1" for ::1 at 2016-10-23 18:38:57 -0500
Processing by ListsController#show as HTML
  Parameters: {"id"=>"1"}
  [1m[35mList Load (0.1ms)[0m  SELECT  "lists".* FROM "lists" WHERE "lists"."id" = ? LIMIT 1  [["id", 1]]
  [1m[36mItem Load (0.1ms)[0m  [1mSELECT "items".* FROM "items" WHERE "items"."list_id" = ?[0m  [["list_id", 1]]
  Rendered items/_item_li.erb (1.4ms)
  Rendered lists/show.html.erb within layouts/application (4.3ms)
Completed 200 OK in 16ms (Views: 15.5ms | ActiveRecord: 0.1ms)


Started PATCH "/lists/1/items/2" for ::1 at 2016-10-23 18:38:58 -0500
Processing by ItemsController#update as HTML
  Parameters: {"utf8"=>"✓", "authenticity_token"=>"v4k+8enwuT+SyBHmrGXsDqA9NmMkQ5FG/lBOHrTuI5E8yo4hJTfQIOpLuTtAAFjPAZFQEkpFiS/5pPiRUl6gdg==", "item"=>{"status"=>"0"}, "list_id"=>"1", "id"=>"2"}
  [1m[35mItem Load (0.1ms)[0m  SELECT  "items".* FROM "items" WHERE "items"."id" = ? LIMIT 1  [["id", 2]]
  [1m[36m (0.0ms)[0m  [1mbegin transaction[0m
  [1m[35mSQL (0.2ms)[0m  UPDATE "items" SET "status" = ?, "updated_at" = ? WHERE "items"."id" = ?  [["status", 0], ["updated_at", "2016-10-23 23:38:58.753265"], ["id", 2]]
  [1m[36m (2.1ms)[0m  [1mcommit transaction[0m
  [1m[35mList Load (0.1ms)[0m  SELECT  "lists".* FROM "lists" WHERE "lists"."id" = ? LIMIT 1  [["id", 1]]
Redirected to http://localhost:3000/lists/1
Completed 302 Found in 11ms (ActiveRecord: 2.5ms)


Started GET "/lists/1" for ::1 at 2016-10-23 18:38:58 -0500
Processing by ListsController#show as HTML
  Parameters: {"id"=>"1"}
  [1m[36mList Load (0.1ms)[0m  [1mSELECT  "lists".* FROM "lists" WHERE "lists"."id" = ? LIMIT 1[0m  [["id", 1]]
  [1m[35mItem Load (0.1ms)[0m  SELECT "items".* FROM "items" WHERE "items"."list_id" = ?  [["list_id", 1]]
  Rendered items/_item_li.erb (1.3ms)
  Rendered lists/show.html.erb within layouts/application (3.4ms)
Completed 200 OK in 13ms (Views: 11.9ms | ActiveRecord: 0.1ms)


Started GET "/lists/1" for ::1 at 2016-10-23 18:39:04 -0500
Processing by ListsController#show as HTML
  Parameters: {"id"=>"1"}
  [1m[36mList Load (0.1ms)[0m  [1mSELECT  "lists".* FROM "lists" WHERE "lists"."id" = ? LIMIT 1[0m  [["id", 1]]
  [1m[35mItem Load (0.1ms)[0m  SELECT "items".* FROM "items" WHERE "items"."list_id" = ?  [["list_id", 1]]
  Rendered items/_item_li.erb (1.1ms)
  Rendered lists/show.html.erb within layouts/application (3.7ms)
Completed 200 OK in 14ms (Views: 13.5ms | ActiveRecord: 0.1ms)


Started GET "/lists/1" for ::1 at 2016-10-23 18:39:07 -0500
Processing by ListsController#show as HTML
  Parameters: {"id"=>"1"}
  [1m[36mList Load (0.1ms)[0m  [1mSELECT  "lists".* FROM "lists" WHERE "lists"."id" = ? LIMIT 1[0m  [["id", 1]]
  [1m[35mItem Load (0.1ms)[0m  SELECT "items".* FROM "items" WHERE "items"."list_id" = ?  [["list_id", 1]]
  Rendered items/_item_li.erb (1.2ms)
  Rendered lists/show.html.erb within layouts/application (4.4ms)
Completed 200 OK in 14ms (Views: 13.4ms | ActiveRecord: 0.2ms)


Started GET "/lists/1" for ::1 at 2016-10-23 18:39:32 -0500
Processing by ListsController#show as HTML
  Parameters: {"id"=>"1"}
  [1m[36mList Load (0.1ms)[0m  [1mSELECT  "lists".* FROM "lists" WHERE "lists"."id" = ? LIMIT 1[0m  [["id", 1]]
  [1m[35mItem Load (0.1ms)[0m  SELECT "items".* FROM "items" WHERE "items"."list_id" = ?  [["list_id", 1]]
  Rendered items/_item_li.erb (22.5ms)
  Rendered lists/show.html.erb within layouts/application (25.3ms)
Completed 500 Internal Server Error in 28ms (ActiveRecord: 0.1ms)

ActionView::Template::Error (undefined local variable or method `item' for #<#<Class:0x007fc77d2eb1b0>:0x007fc77a741938>
Did you mean?  @item):
    1: <%= content_tag_for :li, item, :class => li_class_for_item(item) do %>
    2:   <div class="view">
    3:     <%= form_for([@list, item]) do |f| %>
    4:       <%= f.check_box :status, :class => "toggle", :checked => item.complete? %>
  app/views/items/_item_li.erb:1:in `_app_views_items__item_li_erb__3936479257009393523_70247389631180'
  app/views/lists/show.html.erb:13:in `_app_views_lists_show_html_erb__1478048789388830410_70247364821720'


  Rendered /Users/benjaminshapiro/.rvm/gems/ruby-2.3.1/gems/actionpack-4.2.5.1/lib/action_dispatch/middleware/templates/rescues/_source.erb (8.3ms)
  Rendered /Users/benjaminshapiro/.rvm/gems/ruby-2.3.1/gems/actionpack-4.2.5.1/lib/action_dispatch/middleware/templates/rescues/_trace.html.erb (2.6ms)
  Rendered /Users/benjaminshapiro/.rvm/gems/ruby-2.3.1/gems/actionpack-4.2.5.1/lib/action_dispatch/middleware/templates/rescues/_request_and_response.html.erb (1.1ms)
  Rendered /Users/benjaminshapiro/.rvm/gems/ruby-2.3.1/gems/actionpack-4.2.5.1/lib/action_dispatch/middleware/templates/rescues/template_error.html.erb within rescues/layout (54.3ms)
  Rendered /Users/benjaminshapiro/.rvm/gems/ruby-2.3.1/gems/web-console-2.3.0/lib/web_console/templates/_markup.html.erb (0.4ms)
  Rendered /Users/benjaminshapiro/.rvm/gems/ruby-2.3.1/gems/web-console-2.3.0/lib/web_console/templates/_inner_console_markup.html.erb within layouts/inlined_string (0.3ms)
  Rendered /Users/benjaminshapiro/.rvm/gems/ruby-2.3.1/gems/web-console-2.3.0/lib/web_console/templates/_prompt_box_markup.html.erb within layouts/inlined_string (0.2ms)
  Rendered /Users/benjaminshapiro/.rvm/gems/ruby-2.3.1/gems/web-console-2.3.0/lib/web_console/templates/style.css.erb within layouts/inlined_string (0.3ms)
  Rendered /Users/benjaminshapiro/.rvm/gems/ruby-2.3.1/gems/web-console-2.3.0/lib/web_console/templates/console.js.erb within layouts/javascript (39.2ms)
  Rendered /Users/benjaminshapiro/.rvm/gems/ruby-2.3.1/gems/web-console-2.3.0/lib/web_console/templates/main.js.erb within layouts/javascript (0.4ms)
  Rendered /Users/benjaminshapiro/.rvm/gems/ruby-2.3.1/gems/web-console-2.3.0/lib/web_console/templates/error_page.js.erb within layouts/javascript (0.4ms)
  Rendered /Users/benjaminshapiro/.rvm/gems/ruby-2.3.1/gems/web-console-2.3.0/lib/web_console/templates/index.html.erb (87.7ms)


Started GET "/lists/1" for ::1 at 2016-10-23 18:40:54 -0500
Processing by ListsController#show as HTML
  Parameters: {"id"=>"1"}
  [1m[36mList Load (0.1ms)[0m  [1mSELECT  "lists".* FROM "lists" WHERE "lists"."id" = ? LIMIT 1[0m  [["id", 1]]
  [1m[35mItem Load (0.1ms)[0m  SELECT "items".* FROM "items" WHERE "items"."list_id" = ?  [["list_id", 1]]
  Rendered items/_item_li.erb (19.4ms)
  Rendered lists/show.html.erb within layouts/application (22.2ms)
Completed 500 Internal Server Error in 25ms (ActiveRecord: 0.1ms)

ActionView::Template::Error (undefined local variable or method `item' for #<#<Class:0x007fc77d2eb1b0>:0x007fc77a5632d8>
Did you mean?  @item):
    1: <%= content_tag_for :li, item, :class => li_class_for_item(item) do %>
    2:   <div class="view">
    3:     <%= form_for([@list, item_li]) do |f| %>
    4:       <%= f.check_box :status, :class => "toggle", :checked => item_li.complete? %>
  app/views/items/_item_li.erb:1:in `_app_views_items__item_li_erb__3936479257009393523_70247417012660'
  app/views/lists/show.html.erb:13:in `_app_views_lists_show_html_erb__1478048789388830410_70247363841760'


  Rendered /Users/benjaminshapiro/.rvm/gems/ruby-2.3.1/gems/actionpack-4.2.5.1/lib/action_dispatch/middleware/templates/rescues/_source.erb (5.3ms)
  Rendered /Users/benjaminshapiro/.rvm/gems/ruby-2.3.1/gems/actionpack-4.2.5.1/lib/action_dispatch/middleware/templates/rescues/_trace.html.erb (2.2ms)
  Rendered /Users/benjaminshapiro/.rvm/gems/ruby-2.3.1/gems/actionpack-4.2.5.1/lib/action_dispatch/middleware/templates/rescues/_request_and_response.html.erb (0.8ms)
  Rendered /Users/benjaminshapiro/.rvm/gems/ruby-2.3.1/gems/actionpack-4.2.5.1/lib/action_dispatch/middleware/templates/rescues/template_error.html.erb within rescues/layout (43.3ms)
  Rendered /Users/benjaminshapiro/.rvm/gems/ruby-2.3.1/gems/web-console-2.3.0/lib/web_console/templates/_markup.html.erb (0.4ms)
  Rendered /Users/benjaminshapiro/.rvm/gems/ruby-2.3.1/gems/web-console-2.3.0/lib/web_console/templates/_inner_console_markup.html.erb within layouts/inlined_string (0.3ms)
  Rendered /Users/benjaminshapiro/.rvm/gems/ruby-2.3.1/gems/web-console-2.3.0/lib/web_console/templates/_prompt_box_markup.html.erb within layouts/inlined_string (0.2ms)
  Rendered /Users/benjaminshapiro/.rvm/gems/ruby-2.3.1/gems/web-console-2.3.0/lib/web_console/templates/style.css.erb within layouts/inlined_string (0.3ms)
  Rendered /Users/benjaminshapiro/.rvm/gems/ruby-2.3.1/gems/web-console-2.3.0/lib/web_console/templates/console.js.erb within layouts/javascript (34.8ms)
  Rendered /Users/benjaminshapiro/.rvm/gems/ruby-2.3.1/gems/web-console-2.3.0/lib/web_console/templates/main.js.erb within layouts/javascript (0.2ms)
  Rendered /Users/benjaminshapiro/.rvm/gems/ruby-2.3.1/gems/web-console-2.3.0/lib/web_console/templates/error_page.js.erb within layouts/javascript (0.7ms)
  Rendered /Users/benjaminshapiro/.rvm/gems/ruby-2.3.1/gems/web-console-2.3.0/lib/web_console/templates/index.html.erb (79.1ms)


Started GET "/lists/1" for ::1 at 2016-10-23 18:41:12 -0500
Processing by ListsController#show as HTML
  Parameters: {"id"=>"1"}
  [1m[36mList Load (0.1ms)[0m  [1mSELECT  "lists".* FROM "lists" WHERE "lists"."id" = ? LIMIT 1[0m  [["id", 1]]
  [1m[35mItem Load (0.1ms)[0m  SELECT "items".* FROM "items" WHERE "items"."list_id" = ?  [["list_id", 1]]
  Rendered items/_item_li.erb (18.0ms)
  Rendered lists/show.html.erb within layouts/application (20.1ms)
Completed 500 Internal Server Error in 23ms (ActiveRecord: 0.1ms)

ActionView::Template::Error (undefined local variable or method `item' for #<#<Class:0x007fc77d2eb1b0>:0x007fc7820702c8>
Did you mean?  @item):
    1: <%= content_tag_for :li, item_li, :class => li_class_for_item(item) do %>
    2:   <div class="view">
    3:     <%= form_for([@list, item_li]) do |f| %>
    4:       <%= f.check_box :status, :class => "toggle", :checked => item_li.complete? %>
  app/views/items/_item_li.erb:1:in `_app_views_items__item_li_erb__3936479257009393523_70247428263460'
  app/views/lists/show.html.erb:13:in `_app_views_lists_show_html_erb__1478048789388830410_70247363841760'


  Rendered /Users/benjaminshapiro/.rvm/gems/ruby-2.3.1/gems/actionpack-4.2.5.1/lib/action_dispatch/middleware/templates/rescues/_source.erb (12.1ms)
  Rendered /Users/benjaminshapiro/.rvm/gems/ruby-2.3.1/gems/actionpack-4.2.5.1/lib/action_dispatch/middleware/templates/rescues/_trace.html.erb (2.6ms)
  Rendered /Users/benjaminshapiro/.rvm/gems/ruby-2.3.1/gems/actionpack-4.2.5.1/lib/action_dispatch/middleware/templates/rescues/_request_and_response.html.erb (0.9ms)
  Rendered /Users/benjaminshapiro/.rvm/gems/ruby-2.3.1/gems/actionpack-4.2.5.1/lib/action_dispatch/middleware/templates/rescues/template_error.html.erb within rescues/layout (49.3ms)
  Rendered /Users/benjaminshapiro/.rvm/gems/ruby-2.3.1/gems/web-console-2.3.0/lib/web_console/templates/_markup.html.erb (0.5ms)
  Rendered /Users/benjaminshapiro/.rvm/gems/ruby-2.3.1/gems/web-console-2.3.0/lib/web_console/templates/_inner_console_markup.html.erb within layouts/inlined_string (0.3ms)
  Rendered /Users/benjaminshapiro/.rvm/gems/ruby-2.3.1/gems/web-console-2.3.0/lib/web_console/templates/_prompt_box_markup.html.erb within layouts/inlined_string (0.3ms)
  Rendered /Users/benjaminshapiro/.rvm/gems/ruby-2.3.1/gems/web-console-2.3.0/lib/web_console/templates/style.css.erb within layouts/inlined_string (0.3ms)
  Rendered /Users/benjaminshapiro/.rvm/gems/ruby-2.3.1/gems/web-console-2.3.0/lib/web_console/templates/console.js.erb within layouts/javascript (38.4ms)
  Rendered /Users/benjaminshapiro/.rvm/gems/ruby-2.3.1/gems/web-console-2.3.0/lib/web_console/templates/main.js.erb within layouts/javascript (0.2ms)
  Rendered /Users/benjaminshapiro/.rvm/gems/ruby-2.3.1/gems/web-console-2.3.0/lib/web_console/templates/error_page.js.erb within layouts/javascript (0.3ms)
  Rendered /Users/benjaminshapiro/.rvm/gems/ruby-2.3.1/gems/web-console-2.3.0/lib/web_console/templates/index.html.erb (81.4ms)


Started GET "/lists/1" for ::1 at 2016-10-23 18:41:22 -0500
Processing by ListsController#show as HTML
  Parameters: {"id"=>"1"}
  [1m[36mList Load (0.1ms)[0m  [1mSELECT  "lists".* FROM "lists" WHERE "lists"."id" = ? LIMIT 1[0m  [["id", 1]]
  [1m[35mItem Load (0.1ms)[0m  SELECT "items".* FROM "items" WHERE "items"."list_id" = ?  [["list_id", 1]]
  Rendered items/_item_li.erb (2.5ms)
  Rendered lists/show.html.erb within layouts/application (5.1ms)
Completed 200 OK in 16ms (Views: 14.9ms | ActiveRecord: 0.2ms)


Started GET "/lists/1" for ::1 at 2016-10-23 18:42:05 -0500
Processing by ListsController#show as HTML
  Parameters: {"id"=>"1"}
  [1m[36mList Load (0.1ms)[0m  [1mSELECT  "lists".* FROM "lists" WHERE "lists"."id" = ? LIMIT 1[0m  [["id", 1]]
  [1m[35mItem Load (0.1ms)[0m  SELECT "items".* FROM "items" WHERE "items"."list_id" = ?  [["list_id", 1]]
  Rendered items/_item_li.erb (20.6ms)
  Rendered lists/show.html.erb within layouts/application (23.5ms)
Completed 500 Internal Server Error in 26ms (ActiveRecord: 0.1ms)

ActionView::Template::Error (undefined local variable or method `item_li' for #<#<Class:0x007fc77d2eb1b0>:0x007fc77a5faf20>
Did you mean?  item):
    1: <%= content_tag_for :li, item_li, :class => li_class_for_item(item_li) do %>
    2:   <div class="view">
    3:     <%= form_for([@list, item_li]) do |f| %>
    4:       <%= f.check_box :status, :class => "toggle", :checked => item_li.complete? %>
  app/views/items/_item_li.erb:1:in `_app_views_items__item_li_erb__3936479257009393523_70247364073900'
  app/views/lists/show.html.erb:13:in `_app_views_lists_show_html_erb__1478048789388830410_70247364152680'


  Rendered /Users/benjaminshapiro/.rvm/gems/ruby-2.3.1/gems/actionpack-4.2.5.1/lib/action_dispatch/middleware/templates/rescues/_source.erb (4.8ms)
  Rendered /Users/benjaminshapiro/.rvm/gems/ruby-2.3.1/gems/actionpack-4.2.5.1/lib/action_dispatch/middleware/templates/rescues/_trace.html.erb (3.0ms)
  Rendered /Users/benjaminshapiro/.rvm/gems/ruby-2.3.1/gems/actionpack-4.2.5.1/lib/action_dispatch/middleware/templates/rescues/_request_and_response.html.erb (0.9ms)
  Rendered /Users/benjaminshapiro/.rvm/gems/ruby-2.3.1/gems/actionpack-4.2.5.1/lib/action_dispatch/middleware/templates/rescues/template_error.html.erb within rescues/layout (53.9ms)
  Rendered /Users/benjaminshapiro/.rvm/gems/ruby-2.3.1/gems/web-console-2.3.0/lib/web_console/templates/_markup.html.erb (0.4ms)
  Rendered /Users/benjaminshapiro/.rvm/gems/ruby-2.3.1/gems/web-console-2.3.0/lib/web_console/templates/_inner_console_markup.html.erb within layouts/inlined_string (0.4ms)
  Rendered /Users/benjaminshapiro/.rvm/gems/ruby-2.3.1/gems/web-console-2.3.0/lib/web_console/templates/_prompt_box_markup.html.erb within layouts/inlined_string (0.2ms)
  Rendered /Users/benjaminshapiro/.rvm/gems/ruby-2.3.1/gems/web-console-2.3.0/lib/web_console/templates/style.css.erb within layouts/inlined_string (0.4ms)
  Rendered /Users/benjaminshapiro/.rvm/gems/ruby-2.3.1/gems/web-console-2.3.0/lib/web_console/templates/console.js.erb within layouts/javascript (36.3ms)
  Rendered /Users/benjaminshapiro/.rvm/gems/ruby-2.3.1/gems/web-console-2.3.0/lib/web_console/templates/main.js.erb within layouts/javascript (0.2ms)
  Rendered /Users/benjaminshapiro/.rvm/gems/ruby-2.3.1/gems/web-console-2.3.0/lib/web_console/templates/error_page.js.erb within layouts/javascript (0.3ms)
  Rendered /Users/benjaminshapiro/.rvm/gems/ruby-2.3.1/gems/web-console-2.3.0/lib/web_console/templates/index.html.erb (80.2ms)


Started GET "/lists/1" for ::1 at 2016-10-23 18:42:27 -0500
Processing by ListsController#show as HTML
  Parameters: {"id"=>"1"}
  [1m[36mList Load (0.1ms)[0m  [1mSELECT  "lists".* FROM "lists" WHERE "lists"."id" = ? LIMIT 1[0m  [["id", 1]]
  [1m[35mItem Load (0.1ms)[0m  SELECT "items".* FROM "items" WHERE "items"."list_id" = ?  [["list_id", 1]]
  Rendered items/_item_li.erb (1.6ms)
  Rendered lists/show.html.erb within layouts/application (4.0ms)
Completed 200 OK in 15ms (Views: 14.3ms | ActiveRecord: 0.2ms)


Started GET "/lists/1" for ::1 at 2016-10-23 18:46:44 -0500
Processing by ListsController#show as HTML
  Parameters: {"id"=>"1"}
  [1m[36mList Load (0.1ms)[0m  [1mSELECT  "lists".* FROM "lists" WHERE "lists"."id" = ? LIMIT 1[0m  [["id", 1]]
  [1m[35mItem Load (0.1ms)[0m  SELECT "items".* FROM "items" WHERE "items"."list_id" = ?  [["list_id", 1]]
  Rendered items/_item_li.erb (1.8ms)
  Rendered lists/show.html.erb within layouts/application (7.1ms)
Completed 200 OK in 26ms (Views: 17.4ms | ActiveRecord: 0.7ms)


Started GET "/lists/1" for ::1 at 2016-10-23 18:50:47 -0500
Processing by ListsController#show as HTML
  Parameters: {"id"=>"1"}
  [1m[36mList Load (0.1ms)[0m  [1mSELECT  "lists".* FROM "lists" WHERE "lists"."id" = ? LIMIT 1[0m  [["id", 1]]
  [1m[35mItem Load (0.1ms)[0m  SELECT "items".* FROM "items" WHERE "items"."list_id" = ?  [["list_id", 1]]
  Rendered items/_item_li.erb (1.6ms)
  Rendered lists/show.html.erb within layouts/application (7.5ms)
Completed 500 Internal Server Error in 21ms (ActiveRecord: 0.8ms)

ActionView::Template::Error (wrong number of arguments (given 1, expected 0)):
    1: <%= li_for_item(item) do %>
    2:   <div class="view">
    3:     <%= for_for_item_status(item) %>
    4: 
    5:     <label><%= item.description %></label>
    6:   </div>
  app/helpers/items_helper.rb:12:in `for_for_item_status'
  app/views/items/_item_li.erb:3:in `block in _app_views_items__item_li_erb__3936479257009393523_70247371086960'
  app/helpers/items_helper.rb:8:in `block in li_for_item'
  app/helpers/items_helper.rb:7:in `li_for_item'
  app/views/items/_item_li.erb:1:in `_app_views_items__item_li_erb__3936479257009393523_70247371086960'
  app/views/lists/show.html.erb:13:in `_app_views_lists_show_html_erb__1478048789388830410_70247364152680'


  Rendered /Users/benjaminshapiro/.rvm/gems/ruby-2.3.1/gems/actionpack-4.2.5.1/lib/action_dispatch/middleware/templates/rescues/_source.erb (5.5ms)
  Rendered /Users/benjaminshapiro/.rvm/gems/ruby-2.3.1/gems/actionpack-4.2.5.1/lib/action_dispatch/middleware/templates/rescues/_trace.html.erb (2.7ms)
  Rendered /Users/benjaminshapiro/.rvm/gems/ruby-2.3.1/gems/actionpack-4.2.5.1/lib/action_dispatch/middleware/templates/rescues/_request_and_response.html.erb (0.8ms)
  Rendered /Users/benjaminshapiro/.rvm/gems/ruby-2.3.1/gems/actionpack-4.2.5.1/lib/action_dispatch/middleware/templates/rescues/template_error.html.erb within rescues/layout (49.1ms)
  Rendered /Users/benjaminshapiro/.rvm/gems/ruby-2.3.1/gems/web-console-2.3.0/lib/web_console/templates/_markup.html.erb (0.3ms)
  Rendered /Users/benjaminshapiro/.rvm/gems/ruby-2.3.1/gems/web-console-2.3.0/lib/web_console/templates/_inner_console_markup.html.erb within layouts/inlined_string (0.4ms)
  Rendered /Users/benjaminshapiro/.rvm/gems/ruby-2.3.1/gems/web-console-2.3.0/lib/web_console/templates/_prompt_box_markup.html.erb within layouts/inlined_string (0.4ms)
  Rendered /Users/benjaminshapiro/.rvm/gems/ruby-2.3.1/gems/web-console-2.3.0/lib/web_console/templates/style.css.erb within layouts/inlined_string (0.3ms)
  Rendered /Users/benjaminshapiro/.rvm/gems/ruby-2.3.1/gems/web-console-2.3.0/lib/web_console/templates/console.js.erb within layouts/javascript (36.8ms)
  Rendered /Users/benjaminshapiro/.rvm/gems/ruby-2.3.1/gems/web-console-2.3.0/lib/web_console/templates/main.js.erb within layouts/javascript (0.4ms)
  Rendered /Users/benjaminshapiro/.rvm/gems/ruby-2.3.1/gems/web-console-2.3.0/lib/web_console/templates/error_page.js.erb within layouts/javascript (0.3ms)
  Rendered /Users/benjaminshapiro/.rvm/gems/ruby-2.3.1/gems/web-console-2.3.0/lib/web_console/templates/index.html.erb (77.9ms)


Started GET "/lists/1" for ::1 at 2016-10-23 18:51:02 -0500
Processing by ListsController#show as HTML
  Parameters: {"id"=>"1"}
  [1m[36mList Load (0.1ms)[0m  [1mSELECT  "lists".* FROM "lists" WHERE "lists"."id" = ? LIMIT 1[0m  [["id", 1]]
  [1m[35mItem Load (0.1ms)[0m  SELECT "items".* FROM "items" WHERE "items"."list_id" = ?  [["list_id", 1]]
  Rendered items/_item_li.erb (1.8ms)
  Rendered lists/show.html.erb within layouts/application (6.5ms)
Completed 500 Internal Server Error in 20ms (ActiveRecord: 0.7ms)

ActionView::Template::Error (can't write unknown attribute `html`):
    1: <%= li_for_item(item) do %>
    2:   <div class="view">
    3:     <%= for_for_item_status(item) %>
    4: 
    5:     <label><%= item.description %></label>
    6:   </div>
  app/helpers/items_helper.rb:13:in `for_for_item_status'
  app/views/items/_item_li.erb:3:in `block in _app_views_items__item_li_erb__3936479257009393523_70247371086960'
  app/helpers/items_helper.rb:8:in `block in li_for_item'
  app/helpers/items_helper.rb:7:in `li_for_item'
  app/views/items/_item_li.erb:1:in `_app_views_items__item_li_erb__3936479257009393523_70247371086960'
  app/views/lists/show.html.erb:13:in `_app_views_lists_show_html_erb__1478048789388830410_70247364152680'


  Rendered /Users/benjaminshapiro/.rvm/gems/ruby-2.3.1/gems/actionpack-4.2.5.1/lib/action_dispatch/middleware/templates/rescues/_source.erb (9.6ms)
  Rendered /Users/benjaminshapiro/.rvm/gems/ruby-2.3.1/gems/actionpack-4.2.5.1/lib/action_dispatch/middleware/templates/rescues/_trace.html.erb (4.3ms)
  Rendered /Users/benjaminshapiro/.rvm/gems/ruby-2.3.1/gems/actionpack-4.2.5.1/lib/action_dispatch/middleware/templates/rescues/_request_and_response.html.erb (1.0ms)
  Rendered /Users/benjaminshapiro/.rvm/gems/ruby-2.3.1/gems/actionpack-4.2.5.1/lib/action_dispatch/middleware/templates/rescues/template_error.html.erb within rescues/layout (49.3ms)
  Rendered /Users/benjaminshapiro/.rvm/gems/ruby-2.3.1/gems/web-console-2.3.0/lib/web_console/templates/_markup.html.erb (0.4ms)
  Rendered /Users/benjaminshapiro/.rvm/gems/ruby-2.3.1/gems/web-console-2.3.0/lib/web_console/templates/_inner_console_markup.html.erb within layouts/inlined_string (0.3ms)
  Rendered /Users/benjaminshapiro/.rvm/gems/ruby-2.3.1/gems/web-console-2.3.0/lib/web_console/templates/_prompt_box_markup.html.erb within layouts/inlined_string (0.4ms)
  Rendered /Users/benjaminshapiro/.rvm/gems/ruby-2.3.1/gems/web-console-2.3.0/lib/web_console/templates/style.css.erb within layouts/inlined_string (0.4ms)
  Rendered /Users/benjaminshapiro/.rvm/gems/ruby-2.3.1/gems/web-console-2.3.0/lib/web_console/templates/console.js.erb within layouts/javascript (35.4ms)
  Rendered /Users/benjaminshapiro/.rvm/gems/ruby-2.3.1/gems/web-console-2.3.0/lib/web_console/templates/main.js.erb within layouts/javascript (0.3ms)
  Rendered /Users/benjaminshapiro/.rvm/gems/ruby-2.3.1/gems/web-console-2.3.0/lib/web_console/templates/error_page.js.erb within layouts/javascript (0.4ms)
  Rendered /Users/benjaminshapiro/.rvm/gems/ruby-2.3.1/gems/web-console-2.3.0/lib/web_console/templates/index.html.erb (77.1ms)
